[01m[K/home/smart5/dynamixel-workbench/src/test_pkg/src/test_node.cpp:12:3:[m[K [01;31m[Kerror: [m[Kâ€˜[01m[Kuint8[m[Kâ€™ does not name a type; did you mean â€˜[01m[Kuint[m[Kâ€™?
   [01;31m[Kuint8[m[K wheel_id = 1;
   [01;31m[K^~~~~[m[K
   [32m[Kuint[m[K
[01m[K/home/smart5/dynamixel-workbench/src/test_pkg/src/test_node.cpp:[m[K In function â€˜[01m[Kint main(int, char**)[m[Kâ€™:
[01m[K/home/smart5/dynamixel-workbench/src/test_pkg/src/test_node.cpp:42:28:[m[K [01;31m[Kerror: [m[Kâ€˜[01m[Kstruct dynamixel_workbench_msgs::DynamixelCommand[m[Kâ€™ has no member named â€˜[01m[Kid[m[Kâ€™
     dynamixel_service_call.[01;31m[Kid[m[K = wheel_id;
                            [01;31m[K^~[m[K
[01m[K/home/smart5/dynamixel-workbench/src/test_pkg/src/test_node.cpp:42:33:[m[K [01;31m[Kerror: [m[Kâ€˜[01m[Kwheel_id[m[Kâ€™ was not declared in this scope
     dynamixel_service_call.id = [01;31m[Kwheel_id[m[K;
                                 [01;31m[K^~~~~~~~[m[K
[01m[K/home/smart5/dynamixel-workbench/src/test_pkg/src/test_node.cpp:42:33:[m[K [01;36m[Knote: [m[Ksuggested alternative: â€˜[01m[Kwheel_cmd[m[Kâ€™
     dynamixel_service_call.id = [01;36m[Kwheel_id[m[K;
                                 [01;36m[K^~~~~~~~[m[K
                                 [32m[Kwheel_cmd[m[K
[01m[K/home/smart5/dynamixel-workbench/src/test_pkg/src/test_node.cpp:43:28:[m[K [01;31m[Kerror: [m[Kâ€˜[01m[Kstruct dynamixel_workbench_msgs::DynamixelCommand[m[Kâ€™ has no member named â€˜[01m[Kaddr_name[m[Kâ€™
     dynamixel_service_call.[01;31m[Kaddr_name[m[K = wheel_cmd;
                            [01;31m[K^~~~~~~~~[m[K
[01m[K/home/smart5/dynamixel-workbench/src/test_pkg/src/test_node.cpp:44:28:[m[K [01;31m[Kerror: [m[Kâ€˜[01m[Kstruct dynamixel_workbench_msgs::DynamixelCommand[m[Kâ€™ has no member named â€˜[01m[Kvalue[m[Kâ€™
     dynamixel_service_call.[01;31m[Kvalue[m[K = wheel_vel_out;
                            [01;31m[K^~~~~[m[K
make[2]: *** [CMakeFiles/test_pkg_node.dir/src/test_node.cpp.o] Error 1
make[1]: *** [CMakeFiles/test_pkg_node.dir/all] Error 2
make: *** [all] Error 2
