[01m[K/home/smart5/dynamixel-workbench/src/test_pkg/src/test_node.cpp:74:0:[m[K [01;31m[Kerror: [m[Kunterminated argument list invoking macro "ROS_DEBUG"
 
 
In file included from [01m[K/opt/ros/melodic/include/ros/ros.h:40:0[m[K,
                 from [01m[K/home/smart5/dynamixel-workbench/src/test_pkg/src/test_node.cpp:4[m[K:
[01m[K/home/smart5/dynamixel-workbench/src/test_pkg/src/test_node.cpp:[m[K In function â€˜[01m[Kint main(int, char**)[m[Kâ€™:
[01m[K/opt/ros/melodic/include/ros/console.h:348:176:[m[K [01;35m[Kwarning: [m[Kformat â€˜[01m[K%s[m[Kâ€™ expects argument of type â€˜[01m[Kchar*[m[Kâ€™, but argument 8 has type â€˜[01m[Kstd::__cxx11::string {aka std::__cxx11::basic_string<char>}[m[Kâ€™ [[01;35m[K-Wformat=[m[K]
     ::ros::console::print(filter, __rosconsole_define_location__loc.logger_, __rosconsole_define_location__loc.level_, __FILE__, __LINE__, __ROSCONSOLE_FUNCTION__, __VA_ARGS__[01;35m[K)[m[K
                                                                                                                                                                                [01;35m[K^[m[K
[01m[K/opt/ros/melodic/include/ros/console.h:351:5:[m[K [01;36m[Knote: [m[Kin expansion of macro â€˜[01m[KROSCONSOLE_PRINT_AT_LOCATION_WITH_FILTER[m[Kâ€™
     [01;36m[KROSCONSOLE_PRINT_AT_LOCATION_WITH_FILTER[m[K(NULL, __VA_ARGS__)
     [01;36m[K^~~~~~~~~~~~~~~~~~~~~~~~~~~~~~~~~~~~~~~~[m[K
[01m[K/opt/ros/melodic/include/ros/console.h:387:7:[m[K [01;36m[Knote: [m[Kin expansion of macro â€˜[01m[KROSCONSOLE_PRINT_AT_LOCATION[m[Kâ€™
       [01;36m[KROSCONSOLE_PRINT_AT_LOCATION[m[K(__VA_ARGS__); \
       [01;36m[K^~~~~~~~~~~~~~~~~~~~~~~~~~~~[m[K
[01m[K/opt/ros/melodic/include/ros/console.h:572:35:[m[K [01;36m[Knote: [m[Kin expansion of macro â€˜[01m[KROS_LOG_COND[m[Kâ€™
 #define ROS_LOG(level, name, ...) [01;36m[KROS_LOG_COND[m[K(true, level, name, __VA_ARGS__)
                                   [01;36m[K^~~~~~~~~~~~[m[K
[01m[K/opt/ros/melodic/include/rosconsole/macros_generated.h:58:24:[m[K [01;36m[Knote: [m[Kin expansion of macro â€˜[01m[KROS_LOG[m[Kâ€™
 #define ROS_DEBUG(...) [01;36m[KROS_LOG[m[K(::ros::console::levels::Debug, ROSCONSOLE_DEFAULT_NAME, __VA_ARGS__)
                        [01;36m[K^~~~~~~[m[K
[01m[K/home/smart5/dynamixel-workbench/src/test_pkg/src/test_node.cpp:47:5:[m[K [01;36m[Knote: [m[Kin expansion of macro â€˜[01m[KROS_DEBUG[m[Kâ€™
     [01;36m[KROS_DEBUG[m[K("addr_name: %s", wheel_cmd);
     [01;36m[K^~~~~~~~~[m[K
[01m[K/home/smart5/dynamixel-workbench/src/test_pkg/src/test_node.cpp:48:5:[m[K [01;31m[Kerror: [m[Kâ€˜[01m[KROS_DEBUG[m[Kâ€™ was not declared in this scope
     [01;31m[KROS_DEBUG[m[K("value"
     [01;31m[K^~~~~~~~~[m[K
[01m[K/home/smart5/dynamixel-workbench/src/test_pkg/src/test_node.cpp:48:5:[m[K [01;31m[Kerror: [m[Kexpected â€˜[01m[K}[m[Kâ€™ at end of input
[01m[K/home/smart5/dynamixel-workbench/src/test_pkg/src/test_node.cpp:48:5:[m[K [01;31m[Kerror: [m[Kexpected â€˜[01m[K}[m[Kâ€™ at end of input
make[2]: *** [CMakeFiles/test_pkg_node.dir/src/test_node.cpp.o] Error 1
make[1]: *** [CMakeFiles/test_pkg_node.dir/all] Error 2
make: *** [all] Error 2
