[01m[K/home/smart5/dynamixel-workbench/src/test_pkg/src/test_node.cpp:[m[K In function â€˜[01m[Kint main(int, char**)[m[Kâ€™:
[01m[K/home/smart5/dynamixel-workbench/src/test_pkg/src/test_node.cpp:35:42:[m[K [01;31m[Kerror: [m[Kâ€˜[01m[Knav_msgs[m[Kâ€™ was not declared in this scope
   ros::Publisher odom_pub = nh.advertise<[01;31m[Knav_msgs[m[K::Odometry>(odometry_out_topic_name, 1);
                                          [01;31m[K^~~~~~~~[m[K
[01m[K/home/smart5/dynamixel-workbench/src/test_pkg/src/test_node.cpp:35:32:[m[K [01;31m[Kerror: [m[Kparse error in template argument list
   ros::Publisher odom_pub = nh.[01;31m[Kadvertise<nav_msgs::Odometry>[m[K(odometry_out_topic_name, 1);
                                [01;31m[K^~~~~~~~~~~~~~~~~~~~~~~~~~~~~[m[K
[01m[K/home/smart5/dynamixel-workbench/src/test_pkg/src/test_node.cpp:35:62:[m[K [01;31m[Kerror: [m[Kâ€˜[01m[Kodometry_out_topic_name[m[Kâ€™ was not declared in this scope
   ros::Publisher odom_pub = nh.advertise<nav_msgs::Odometry>([01;31m[Kodometry_out_topic_name[m[K, 1);
                                                              [01;31m[K^~~~~~~~~~~~~~~~~~~~~~~[m[K
[01m[K/home/smart5/dynamixel-workbench/src/test_pkg/src/test_node.cpp:35:62:[m[K [01;36m[Knote: [m[Ksuggested alternative: â€˜[01m[Kjoy_topic_name[m[Kâ€™
   ros::Publisher odom_pub = nh.advertise<nav_msgs::Odometry>([01;36m[Kodometry_out_topic_name[m[K, 1);
                                                              [01;36m[K^~~~~~~~~~~~~~~~~~~~~~~[m[K
                                                              [32m[Kjoy_topic_name[m[K
[01m[K/home/smart5/dynamixel-workbench/src/test_pkg/src/test_node.cpp:43:28:[m[K [01;31m[Kerror: [m[Kâ€˜[01m[Kstruct dynamixel_workbench_msgs::DynamixelCommand[m[Kâ€™ has no member named â€˜[01m[Kid[m[Kâ€™
     dynamixel_service_call.[01;31m[Kid[m[K = wheel_id;
                            [01;31m[K^~[m[K
[01m[K/home/smart5/dynamixel-workbench/src/test_pkg/src/test_node.cpp:44:28:[m[K [01;31m[Kerror: [m[Kâ€˜[01m[Kstruct dynamixel_workbench_msgs::DynamixelCommand[m[Kâ€™ has no member named â€˜[01m[Kaddr_name[m[Kâ€™
     dynamixel_service_call.[01;31m[Kaddr_name[m[K = wheel_cmd;
                            [01;31m[K^~~~~~~~~[m[K
[01m[K/home/smart5/dynamixel-workbench/src/test_pkg/src/test_node.cpp:45:28:[m[K [01;31m[Kerror: [m[Kâ€˜[01m[Kstruct dynamixel_workbench_msgs::DynamixelCommand[m[Kâ€™ has no member named â€˜[01m[Kvalue[m[Kâ€™
     dynamixel_service_call.[01;31m[Kvalue[m[K = wheel_vel_out;
                            [01;31m[K^~~~~[m[K
make[2]: *** [CMakeFiles/test_pkg_node.dir/src/test_node.cpp.o] Error 1
make[1]: *** [CMakeFiles/test_pkg_node.dir/all] Error 2
make: *** [all] Error 2
