[01m[K/home/smart5/dynamixel-workbench/src/test_pkg/src/test_node.cpp:14:7:[m[K [01;31m[Kerror: [m[Kconflicting declaration â€˜[01m[Kint wheel_cmd[m[Kâ€™
   int [01;31m[Kwheel_cmd[m[K = 0;
       [01;31m[K^~~~~~~~~[m[K
[01m[K/home/smart5/dynamixel-workbench/src/test_pkg/src/test_node.cpp:13:15:[m[K [01;36m[Knote: [m[Kprevious declaration as â€˜[01m[Kstd::__cxx11::string wheel_cmd[m[Kâ€™
   std::string [01;36m[Kwheel_cmd[m[K = "Goal_Velocity";
               [01;36m[K^~~~~~~~~[m[K
[01m[K/home/smart5/dynamixel-workbench/src/test_pkg/src/test_node.cpp:[m[K In function â€˜[01m[Kint main(int, char**)[m[Kâ€™:
[01m[K/home/smart5/dynamixel-workbench/src/test_pkg/src/test_node.cpp:35:42:[m[K [01;31m[Kerror: [m[Kâ€˜[01m[Knav_msgs[m[Kâ€™ was not declared in this scope
   ros::Publisher odom_pub = nh.advertise<[01;31m[Knav_msgs[m[K::Odometry>(odometry_out_topic_name, 1);
                                          [01;31m[K^~~~~~~~[m[K
[01m[K/home/smart5/dynamixel-workbench/src/test_pkg/src/test_node.cpp:35:32:[m[K [01;31m[Kerror: [m[Kparse error in template argument list
   ros::Publisher odom_pub = nh.[01;31m[Kadvertise<nav_msgs::Odometry>[m[K(odometry_out_topic_name, 1);
                                [01;31m[K^~~~~~~~~~~~~~~~~~~~~~~~~~~~~[m[K
[01m[K/home/smart5/dynamixel-workbench/src/test_pkg/src/test_node.cpp:35:62:[m[K [01;31m[Kerror: [m[Kâ€˜[01m[Kodometry_out_topic_name[m[Kâ€™ was not declared in this scope
   ros::Publisher odom_pub = nh.advertise<nav_msgs::Odometry>([01;31m[Kodometry_out_topic_name[m[K, 1);
                                                              [01;31m[K^~~~~~~~~~~~~~~~~~~~~~~[m[K
[01m[K/home/smart5/dynamixel-workbench/src/test_pkg/src/test_node.cpp:35:62:[m[K [01;36m[Knote: [m[Ksuggested alternative: â€˜[01m[Kjoy_topic_name[m[Kâ€™
   ros::Publisher odom_pub = nh.advertise<nav_msgs::Odometry>([01;36m[Kodometry_out_topic_name[m[K, 1);
                                                              [01;36m[K^~~~~~~~~~~~~~~~~~~~~~~[m[K
                                                              [32m[Kjoy_topic_name[m[K
[01m[K/home/smart5/dynamixel-workbench/src/test_pkg/src/test_node.cpp:43:28:[m[K [01;31m[Kerror: [m[Kâ€˜[01m[Kstruct dynamixel_workbench_msgs::DynamixelCommand[m[Kâ€™ has no member named â€˜[01m[Kid[m[Kâ€™
     dynamixel_service_call.[01;31m[Kid[m[K = wheel_id;
                            [01;31m[K^~[m[K
[01m[K/home/smart5/dynamixel-workbench/src/test_pkg/src/test_node.cpp:44:28:[m[K [01;31m[Kerror: [m[Kâ€˜[01m[Kstruct dynamixel_workbench_msgs::DynamixelCommand[m[Kâ€™ has no member named â€˜[01m[Kaddr_name[m[Kâ€™
     dynamixel_service_call.[01;31m[Kaddr_name[m[K = wheel_cmd;
                            [01;31m[K^~~~~~~~~[m[K
[01m[K/home/smart5/dynamixel-workbench/src/test_pkg/src/test_node.cpp:45:28:[m[K [01;31m[Kerror: [m[Kâ€˜[01m[Kstruct dynamixel_workbench_msgs::DynamixelCommand[m[Kâ€™ has no member named â€˜[01m[Kvalue[m[Kâ€™
     dynamixel_service_call.[01;31m[Kvalue[m[K = wheel_cmd;
                            [01;31m[K^~~~~[m[K
In file included from [01m[K/opt/ros/melodic/include/ros/ros.h:40:0[m[K,
                 from [01m[K/home/smart5/dynamixel-workbench/src/test_pkg/src/test_node.cpp:4[m[K:
[01m[K/opt/ros/melodic/include/ros/console.h:348:176:[m[K [01;35m[Kwarning: [m[Kformat â€˜[01m[K%i[m[Kâ€™ expects argument of type â€˜[01m[Kint[m[Kâ€™, but argument 8 has type â€˜[01m[Kstd::__cxx11::string {aka std::__cxx11::basic_string<char>}[m[Kâ€™ [[01;35m[K-Wformat=[m[K]
     ::ros::console::print(filter, __rosconsole_define_location__loc.logger_, __rosconsole_define_location__loc.level_, __FILE__, __LINE__, __ROSCONSOLE_FUNCTION__, __VA_ARGS__[01;35m[K)[m[K
                                                                                                                                                                                [01;35m[K^[m[K
[01m[K/opt/ros/melodic/include/ros/console.h:351:5:[m[K [01;36m[Knote: [m[Kin expansion of macro â€˜[01m[KROSCONSOLE_PRINT_AT_LOCATION_WITH_FILTER[m[Kâ€™
     [01;36m[KROSCONSOLE_PRINT_AT_LOCATION_WITH_FILTER[m[K(NULL, __VA_ARGS__)
     [01;36m[K^~~~~~~~~~~~~~~~~~~~~~~~~~~~~~~~~~~~~~~~[m[K
[01m[K/opt/ros/melodic/include/ros/console.h:387:7:[m[K [01;36m[Knote: [m[Kin expansion of macro â€˜[01m[KROSCONSOLE_PRINT_AT_LOCATION[m[Kâ€™
       [01;36m[KROSCONSOLE_PRINT_AT_LOCATION[m[K(__VA_ARGS__); \
       [01;36m[K^~~~~~~~~~~~~~~~~~~~~~~~~~~~[m[K
[01m[K/opt/ros/melodic/include/ros/console.h:572:35:[m[K [01;36m[Knote: [m[Kin expansion of macro â€˜[01m[KROS_LOG_COND[m[Kâ€™
 #define ROS_LOG(level, name, ...) [01;36m[KROS_LOG_COND[m[K(true, level, name, __VA_ARGS__)
                                   [01;36m[K^~~~~~~~~~~~[m[K
[01m[K/opt/ros/melodic/include/rosconsole/macros_generated.h:110:23:[m[K [01;36m[Knote: [m[Kin expansion of macro â€˜[01m[KROS_LOG[m[Kâ€™
 #define ROS_INFO(...) [01;36m[KROS_LOG[m[K(::ros::console::levels::Info, ROSCONSOLE_DEFAULT_NAME, __VA_ARGS__)
                       [01;36m[K^~~~~~~[m[K
[01m[K/home/smart5/dynamixel-workbench/src/test_pkg/src/test_node.cpp:48:7:[m[K [01;36m[Knote: [m[Kin expansion of macro â€˜[01m[KROS_INFO[m[Kâ€™
       [01;36m[KROS_INFO[m[K("Cmd Vel: %i", wheel_cmd);
       [01;36m[K^~~~~~~~[m[K
make[2]: *** [CMakeFiles/test_pkg_node.dir/src/test_node.cpp.o] Error 1
make[1]: *** [CMakeFiles/test_pkg_node.dir/all] Error 2
make: *** [all] Error 2
